Traceback (most recent call last):
  File "/lustre04/scratch/bugl2301/metrics/graph_metrics/ml_metrics.py", line 114, in <module>
Traceback (most recent call last):
  File "/lustre04/scratch/bugl2301/metrics/graph_metrics/ml_metrics.py", line 114, in <module>
Traceback (most recent call last):
  File "/lustre04/scratch/bugl2301/metrics/graph_metrics/ml_metrics.py", line 114, in <module>
Traceback (most recent call last):
  File "/lustre04/scratch/bugl2301/metrics/graph_metrics/ml_metrics.py", line 114, in <module>
Traceback (most recent call last):
  File "/lustre04/scratch/bugl2301/metrics/graph_metrics/ml_metrics.py", line 114, in <module>
Traceback (most recent call last):
  File "/lustre04/scratch/bugl2301/metrics/graph_metrics/ml_metrics.py", line 114, in <module>
Traceback (most recent call last):
  File "/lustre04/scratch/bugl2301/metrics/graph_metrics/ml_metrics.py", line 114, in <module>
Traceback (most recent call last):
  File "/lustre04/scratch/bugl2301/metrics/graph_metrics/ml_metrics.py", line 114, in <module>
    folder_paths = load_folders(base_path=filters['root_folder'])
  File "/lustre04/scratch/bugl2301/metrics/graph_metrics/ml_metrics.py", line 95, in load_folders
    folder_paths = load_folders(base_path=filters['root_folder'])
  File "/lustre04/scratch/bugl2301/metrics/graph_metrics/ml_metrics.py", line 95, in load_folders
    folder_paths = load_folders(base_path=filters['root_folder'])
  File "/lustre04/scratch/bugl2301/metrics/graph_metrics/ml_metrics.py", line 95, in load_folders
    folder_paths = load_folders(base_path=filters['root_folder'])
  File "/lustre04/scratch/bugl2301/metrics/graph_metrics/ml_metrics.py", line 95, in load_folders
    folder_paths = load_folders(base_path=filters['root_folder'])
  File "/lustre04/scratch/bugl2301/metrics/graph_metrics/ml_metrics.py", line 95, in load_folders
    folder_paths = load_folders(base_path=filters['root_folder'])
  File "/lustre04/scratch/bugl2301/metrics/graph_metrics/ml_metrics.py", line 95, in load_folders
    folder_paths = load_folders(base_path=filters['root_folder'])
  File "/lustre04/scratch/bugl2301/metrics/graph_metrics/ml_metrics.py", line 95, in load_folders
    directories = [os.path.join(base_path, d) for d in os.listdir(
FileNotFoundError: [Errno 2] No such file or directory: '/home/bugl2301/scratch/generator/splitted_dirs/chunk_9'
    directories = [os.path.join(base_path, d) for d in os.listdir(
FileNotFoundError: [Errno 2] No such file or directory: '/home/bugl2301/scratch/generator/splitted_dirs/chunk_9'
    directories = [os.path.join(base_path, d) for d in os.listdir(
    folder_paths = load_folders(base_path=filters['root_folder'])
  File "/lustre04/scratch/bugl2301/metrics/graph_metrics/ml_metrics.py", line 95, in load_folders
    directories = [os.path.join(base_path, d) for d in os.listdir(
FileNotFoundError: [Errno 2] No such file or directory: '/home/bugl2301/scratch/generator/splitted_dirs/chunk_9'
FileNotFoundError: [Errno 2] No such file or directory: '/home/bugl2301/scratch/generator/splitted_dirs/chunk_9'
    directories = [os.path.join(base_path, d) for d in os.listdir(
FileNotFoundError: [Errno 2] No such file or directory: '/home/bugl2301/scratch/generator/splitted_dirs/chunk_9'
    directories = [os.path.join(base_path, d) for d in os.listdir(
FileNotFoundError: [Errno 2] No such file or directory: '/home/bugl2301/scratch/generator/splitted_dirs/chunk_9'
    directories = [os.path.join(base_path, d) for d in os.listdir(
FileNotFoundError: [Errno 2] No such file or directory: '/home/bugl2301/scratch/generator/splitted_dirs/chunk_9'
    directories = [os.path.join(base_path, d) for d in os.listdir(
FileNotFoundError: [Errno 2] No such file or directory: '/home/bugl2301/scratch/generator/splitted_dirs/chunk_9'
srun: error: bc12256: tasks 0-7: Exited with exit code 1
Finishing run at: Fri Dec  8 18:24:27 EST 2023
